03/05/2024 07:13:14 PM: INFO: ************************* Verifying Login Test ***************************
03/05/2024 07:14:04 PM: INFO: ************************* Home page Title Test ***************************
03/05/2024 07:16:37 PM: INFO: ************************* Home page Title Test ***************************
03/05/2024 07:24:43 PM: INFO: ************************* Home page Title Test ***************************
03/05/2024 07:25:51 PM: INFO: ************************* Home page Title Test ***************************
03/05/2024 07:25:53 PM: INFO: ************************* Home page Title is Passed ***************************
03/05/2024 07:25:57 PM: INFO: ************************* Verifying Login Test ***************************
03/05/2024 07:26:02 PM: INFO: ************************* Login Test is Passed ***************************
03/05/2024 07:26:47 PM: INFO: ************************* Home page Title Test ***************************
03/05/2024 07:26:49 PM: INFO: ************************* Home page Title is Passed ***************************
03/05/2024 07:26:52 PM: INFO: ************************* Verifying Login Test ***************************
03/05/2024 07:26:57 PM: ERROR: ************************* Login Test is Failed ***************************
03/06/2024 11:42:49 AM: INFO: ********************** Test_003_AddCustomer ***********************
03/06/2024 11:43:00 AM: INFO: ******************* Login Successful *****************
03/06/2024 11:43:00 AM: INFO: ******************* Starting Add Customer Test ******************
03/06/2024 11:43:04 AM: INFO: **************** Providing Customer info ***************
03/06/2024 11:43:16 AM: INFO: ****************** Saving Customer Info ****************
03/06/2024 11:43:16 AM: INFO: ***************** Add customer validation started **************
03/06/2024 11:43:17 AM: INFO: ************ Add Customer Test Passed ******************
03/06/2024 11:43:17 AM: INFO: *************************** Ending Test_003_AddCustomer Test *************************
03/06/2024 11:43:19 AM: INFO: *************************** Adding CustomerRole Test ************************* 
03/06/2024 11:43:23 AM: INFO: ****************************** Login Successful *******************************
03/06/2024 11:43:23 AM: INFO: ****************************** Adding Customer Role Started ********************************
03/06/2024 11:43:27 AM: INFO: ****************** Saving Customer Role Info ****************
03/06/2024 11:43:27 AM: INFO: ****************** Add Customer Role Validation Started *********************
03/06/2024 11:43:28 AM: INFO: *************************** Add Customer Role Test Passed ****************************
03/06/2024 11:43:28 AM: INFO: ***************************** Ending test_AddCustomerRole_1 **************************
03/06/2024 11:43:30 AM: INFO: *************************** Checking Name Present CustomerRole Test 1 ************************* 
03/06/2024 11:43:34 AM: INFO: ****************************** Login Successful *******************************
03/06/2024 11:43:34 AM: INFO: ******************************  Checking Name Present CustomerRole Test 1 Started ********************************
03/06/2024 11:43:43 AM: INFO: ***************************** Ending test_AddCustomerRole_2 **************************
03/06/2024 11:43:45 AM: INFO: *************************** Checking Name Present CustomerRole Test 2 ************************* 
03/06/2024 11:43:48 AM: INFO: ****************************** Login Successful *******************************
03/06/2024 11:43:48 AM: INFO: ****************************** Checking Name Present CustomerRole Test 2 Started ********************************
03/06/2024 11:43:54 AM: INFO: ***************************** Ending test_AddCustomerRole_3 **************************
03/06/2024 11:43:57 AM: INFO: *************************** Checking Name Present CustomerRole Test 3 ************************* 
03/06/2024 11:44:01 AM: INFO: ****************************** Login Successful *******************************
03/06/2024 11:44:01 AM: INFO: ****************************** Checking Name Present CustomerRole Test 3 Started ********************************
03/06/2024 11:44:07 AM: INFO: ***************************** Ending test_AddCustomerRole_4 **************************
03/06/2024 11:44:09 AM: INFO: *************************** Checking Name Present CustomerRole Test 4 ************************* 
03/06/2024 11:44:13 AM: INFO: ****************************** Login Successful *******************************
03/06/2024 11:44:13 AM: INFO: ****************************** Checking Name Present CustomerRole Test 4 Started ********************************
03/06/2024 11:44:19 AM: INFO: ***************************** Ending test_AddCustomerRole_4 **************************
03/06/2024 11:44:21 AM: INFO: *************************** Checking Name Present CustomerRole Test 5 ************************* 
03/06/2024 11:44:24 AM: INFO: ****************************** Login Successful *******************************
03/06/2024 11:44:24 AM: INFO: ****************************** Checking Name Present CustomerRole Test 5 Started ********************************
03/06/2024 11:44:29 AM: INFO: ***************************** Ending test_AddCustomerRole_4 **************************
03/06/2024 11:44:31 AM: INFO: *************************** Checking Name Present CustomerRole Test 6 ************************* 
03/06/2024 11:44:35 AM: INFO: ****************************** Login Successful *******************************
03/06/2024 11:44:35 AM: INFO: ****************************** Checking Name Present CustomerRole Test 6 Started ********************************
03/06/2024 11:44:41 AM: INFO: ***************************** Ending test_AddCustomerRole_4 **************************
03/06/2024 11:44:43 AM: INFO: ************* Deleting Customer Details *************************
03/06/2024 11:44:46 AM: INFO: ******************** Login Successful ******************
03/06/2024 11:44:46 AM: INFO: ****************** Delete Customer Details Start **********************
03/06/2024 11:45:00 AM: INFO: ********************* Delete Customer Test Started ************************
03/06/2024 11:45:01 AM: INFO: ************ Delete Customer Test Passed ******************
03/06/2024 11:45:01 AM: INFO: *************************** Ending Test_012_DeleteCustomer Test *************************
03/06/2024 11:45:04 AM: INFO: ************************* Home page Title Test ***************************
03/06/2024 11:45:05 AM: INFO: ************************* Home page Title is Passed ***************************
03/06/2024 11:45:07 AM: INFO: ************************* Verifying Login Test ***************************
03/06/2024 11:45:12 AM: INFO: ************************* Login Test is Passed ***************************
03/06/2024 11:49:02 AM: INFO: ********************** Test_003_AddCustomer ***********************
03/06/2024 11:49:05 AM: INFO: ******************* Login Successful *****************
03/06/2024 11:49:05 AM: INFO: ******************* Starting Add Customer Test ******************
03/06/2024 11:49:08 AM: INFO: **************** Providing Customer info ***************
03/06/2024 11:49:19 AM: INFO: ****************** Saving Customer Info ****************
03/06/2024 11:49:19 AM: INFO: ***************** Add customer validation started **************
03/06/2024 11:49:19 AM: INFO: ************ Add Customer Test Passed ******************
03/06/2024 11:49:20 AM: INFO: *************************** Ending Test_003_AddCustomer Test *************************
03/06/2024 12:04:52 PM: INFO: ****************** Search Customer By Email **************
03/06/2024 12:04:55 PM: INFO: ************************* Login Successful ****************
03/06/2024 12:04:55 PM: INFO: ******** Starting Search Customer By Email ************
03/06/2024 12:04:57 PM: INFO: ************** Searching Customer By Email Id ****************
03/06/2024 12:05:03 PM: INFO: **************** TC_SearchCustomerByEmail__005 Finished
03/06/2024 12:35:46 PM: INFO: ************************* Home page Title Test ***************************
03/06/2024 12:35:47 PM: INFO: ************************* Verifying Login Test ***************************
03/06/2024 12:35:49 PM: INFO: ************************* Home page Title is Passed ***************************
03/06/2024 12:35:52 PM: INFO: ************************* Login Test is Passed ***************************
03/06/2024 12:36:18 PM: INFO: ************************* Home page Title Test ***************************
03/06/2024 12:36:19 PM: INFO: ************************* Verifying Login Test ***************************
03/06/2024 12:36:20 PM: INFO: ************************* Home page Title is Passed ***************************
03/06/2024 12:36:25 PM: INFO: ************************* Login Test is Passed ***************************
03/06/2024 12:38:37 PM: INFO: ************* Deleting Customer Details *************************
03/06/2024 12:38:40 PM: INFO: ******************** Login Successful ******************
03/06/2024 12:38:40 PM: INFO: ****************** Delete Customer Details Start **********************
03/06/2024 12:38:57 PM: INFO: ********************* Delete Customer Test Started ************************
03/06/2024 12:38:58 PM: INFO: ************ Delete Customer Test Passed ******************
03/06/2024 12:38:58 PM: INFO: *************************** Ending Test_004_DeleteCustomer Test *************************
03/06/2024 12:42:25 PM: INFO: ************************* Home page Title Test ***************************
03/06/2024 12:42:25 PM: INFO: ************************* Verifying Login Test ***************************
03/06/2024 12:42:30 PM: INFO: ************************* Home page Title is Passed ***************************
03/06/2024 12:42:33 PM: INFO: ************************* Login Test is Passed ***************************
03/06/2024 12:43:19 PM: INFO: ************************* Verifying Login Test ***************************
03/06/2024 12:43:19 PM: INFO: ************************* Home page Title Test ***************************
03/06/2024 12:43:21 PM: INFO: ************************* Home page Title is Passed ***************************
03/06/2024 12:43:24 PM: INFO: ************************* Login Test is Passed ***************************
03/06/2024 12:43:49 PM: INFO: ************************* Verifying Login Test ***************************
03/06/2024 12:43:50 PM: INFO: ************************* Home page Title Test ***************************
03/06/2024 12:43:53 PM: INFO: ************************* Home page Title is Passed ***************************
03/06/2024 12:43:58 PM: INFO: ************************* Login Test is Passed ***************************
03/07/2024 01:34:36 PM: INFO: ************************* Home page Title Test ***************************
03/07/2024 01:34:37 PM: INFO: ************************* Verifying Login Test ***************************
03/07/2024 01:34:39 PM: INFO: ************************* Home page Title is Passed ***************************
03/07/2024 01:34:45 PM: INFO: ************************* Login Test is Passed ***************************
03/07/2024 06:31:31 PM: WARNING: Error sending stats to Plausible: error sending request for url (https://plausible.io/api/event): operation timed out
03/07/2024 06:31:37 PM: INFO: ********************** Test_003_AddCustomer ***********************
03/07/2024 06:31:43 PM: INFO: ******************* Login Successful *****************
03/07/2024 06:31:43 PM: INFO: ******************* Starting Add Customer Test ******************
03/07/2024 06:31:49 PM: INFO: **************** Providing Customer info ***************
03/07/2024 06:32:05 PM: INFO: ****************** Saving Customer Info ****************
03/07/2024 06:32:05 PM: INFO: ***************** Add customer validation started **************
03/07/2024 06:32:07 PM: INFO: ************ Add Customer Test Passed ******************
03/07/2024 06:32:08 PM: INFO: *************************** Ending Test_002_AddCustomer Test *************************
03/07/2024 06:32:15 PM: INFO: *************************** Adding CustomerRole Test ************************* 
03/07/2024 06:32:26 PM: INFO: ****************************** Login Successful *******************************
03/07/2024 06:32:26 PM: INFO: ****************************** Adding Customer Role Started ********************************
03/07/2024 06:32:35 PM: INFO: ****************** Saving Customer Role Info ****************
03/07/2024 06:32:35 PM: INFO: ****************** Add Customer Role Validation Started *********************
03/07/2024 06:32:36 PM: INFO: *************************** Add Customer Role Test Passed ****************************
03/07/2024 06:32:38 PM: INFO: ***************************** Ending test_AddCustomerRole_1 **************************
03/07/2024 06:32:44 PM: INFO: *************************** Checking Name Present CustomerRole Test 1 ************************* 
03/07/2024 06:33:10 PM: INFO: ****************************** Login Successful *******************************
03/07/2024 06:33:10 PM: INFO: ******************************  Checking Name Present CustomerRole Test 1 Started ********************************
03/07/2024 06:33:21 PM: INFO: ***************************** Ending test_AddCustomerRole_2 **************************
03/07/2024 06:33:28 PM: INFO: *************************** Checking Name Present CustomerRole Test 2 ************************* 
03/07/2024 06:33:39 PM: INFO: ****************************** Login Successful *******************************
03/07/2024 06:33:39 PM: INFO: ****************************** Checking Name Present CustomerRole Test 2 Started ********************************
03/07/2024 06:33:50 PM: INFO: ***************************** Ending test_AddCustomerRole_3 **************************
03/07/2024 06:33:56 PM: INFO: *************************** Checking Name Present CustomerRole Test 3 ************************* 
03/07/2024 06:34:07 PM: INFO: ****************************** Login Successful *******************************
03/07/2024 06:34:07 PM: INFO: ****************************** Checking Name Present CustomerRole Test 3 Started ********************************
03/07/2024 06:34:20 PM: INFO: ***************************** Ending test_AddCustomerRole_4 **************************
03/07/2024 06:34:27 PM: INFO: *************************** Checking Name Present CustomerRole Test 4 ************************* 
03/07/2024 06:34:33 PM: INFO: ****************************** Login Successful *******************************
03/07/2024 06:34:33 PM: INFO: ****************************** Checking Name Present CustomerRole Test 4 Started ********************************
03/07/2024 06:34:43 PM: INFO: ***************************** Ending test_AddCustomerRole_4 **************************
03/07/2024 06:34:49 PM: INFO: *************************** Checking Name Present CustomerRole Test 5 ************************* 
03/07/2024 06:35:12 PM: INFO: ****************************** Login Successful *******************************
03/07/2024 06:35:12 PM: INFO: ****************************** Checking Name Present CustomerRole Test 5 Started ********************************
03/07/2024 06:35:24 PM: INFO: ***************************** Ending test_AddCustomerRole_4 **************************
03/07/2024 06:35:30 PM: INFO: *************************** Checking Name Present CustomerRole Test 6 ************************* 
03/07/2024 06:35:42 PM: INFO: ****************************** Login Successful *******************************
03/07/2024 06:35:42 PM: INFO: ****************************** Checking Name Present CustomerRole Test 6 Started ********************************
03/07/2024 06:36:30 PM: INFO: ***************************** Ending test_AddCustomerRole_4 **************************
03/07/2024 06:36:35 PM: INFO: ************************* Verifying Login Test ***************************
03/07/2024 06:36:45 PM: INFO: ************************* Login Test is Passed ***************************
03/07/2024 06:38:06 PM: INFO: ************* Deleting Customer Details *************************
03/07/2024 06:38:42 PM: INFO: ******************** Login Successful ******************
03/07/2024 06:38:42 PM: INFO: ****************** Delete Customer Details Start **********************
03/07/2024 06:39:01 PM: INFO: ********************* Delete Customer Test Started ************************
03/07/2024 06:39:02 PM: INFO: ************ Delete Customer Test Passed ******************
03/07/2024 06:39:05 PM: INFO: *************************** Ending Test_004_DeleteCustomer Test *************************
03/11/2024 01:38:07 PM: INFO: ************************* Home page Title Test ***************************
03/11/2024 01:38:09 PM: INFO: ************************* Home page Title is Passed ***************************
03/11/2024 01:38:20 PM: INFO: ************************* Verifying Login Test ***************************
03/11/2024 01:38:28 PM: INFO: ************************* Login Test is Passed ***************************
03/11/2024 01:39:02 PM: INFO: ************************* Home page Title Test ***************************
03/11/2024 01:39:05 PM: ERROR: ************************* Home page Title is Failed ***************************
03/11/2024 01:39:21 PM: INFO: ************************* Verifying Login Test ***************************
03/11/2024 01:39:30 PM: INFO: ************************* Login Test is Passed ***************************
03/11/2024 01:40:30 PM: INFO: ************************* Home page Title Test ***************************
03/11/2024 01:40:31 PM: INFO: ************************* Verifying Login Test ***************************
03/11/2024 01:40:36 PM: INFO: ************************* Home page Title is Passed ***************************
03/11/2024 01:40:43 PM: INFO: ************************* Login Test is Passed ***************************
03/11/2024 01:41:26 PM: INFO: ************************* Home page Title Test ***************************
03/11/2024 01:41:29 PM: INFO: ************************* Home page Title is Passed ***************************
03/11/2024 01:41:45 PM: INFO: ************************* Verifying Login Test ***************************
03/11/2024 01:41:53 PM: INFO: ************************* Login Test is Passed ***************************
03/11/2024 01:44:24 PM: INFO: ************************* Home page Title Test ***************************
03/11/2024 01:44:27 PM: INFO: ************************* Home page Title is Passed ***************************
03/11/2024 01:44:41 PM: INFO: ************************* Verifying Login Test ***************************
03/11/2024 01:44:50 PM: INFO: ************************* Login Test is Passed ***************************
03/11/2024 01:45:26 PM: INFO: ************************* Verifying Login Test ***************************
03/11/2024 01:45:36 PM: INFO: ************************* Login Test is Passed ***************************
03/11/2024 01:46:14 PM: INFO: ************************* Verifying Login Test ***************************
03/11/2024 01:47:10 PM: INFO: ************************* Verifying Login Test ***************************
03/11/2024 01:47:21 PM: INFO: ************************* Login Test is Passed ***************************
03/11/2024 01:48:32 PM: INFO: ************************* Home page Title Test ***************************
03/11/2024 01:48:34 PM: INFO: ************************* Home page Title is Passed ***************************
03/11/2024 01:48:50 PM: INFO: ************************* Verifying Login Test ***************************
03/11/2024 01:49:00 PM: INFO: ************************* Login Test is Passed ***************************
03/11/2024 01:52:19 PM: INFO: ********************** Test_003_AddCustomer ***********************
03/11/2024 01:52:28 PM: INFO: ******************* Login Successful *****************
03/11/2024 01:52:28 PM: INFO: ******************* Starting Add Customer Test ******************
03/11/2024 01:52:35 PM: INFO: **************** Providing Customer info ***************
03/11/2024 01:52:54 PM: INFO: ****************** Saving Customer Info ****************
03/11/2024 01:52:54 PM: INFO: ***************** Add customer validation started **************
03/11/2024 01:52:57 PM: INFO: ************ Add Customer Test Passed ******************
03/11/2024 01:53:01 PM: INFO: *************************** Ending Test_002_AddCustomer Test *************************
03/11/2024 01:53:11 PM: INFO: *************************** Adding CustomerRole Test ************************* 
